app/build/outputs/logs/manifest-merger-debug-report.txt
-- Merging decision tree log ---
manifest
ADDED from src\main\AndroidManifest.xml:2:1-40:12
INJECTED from src\main\AndroidManifest.xml:2:1-40:12
INJECTED from src\main\AndroidManifest.xml:2:1-40:12
INJECTED from src\main\AndroidManifest.xml:2:1-40:12
MERGED from [com.android.support:design:25.3.0] AndroidManifest.xml:17:1-31:12
MERGED from [com.google.dagger:dagger-android-support:2.15] AndroidManifest.xml:17:1-22:12
MERGED from [com.airbnb.android:lottie:2.3.0] AndroidManifest.xml:2:1-14:12
MERGED from [com.android.support:appcompat-v7:25.3.0] AndroidManifest.xml:17:1-31:12
MERGED from [com.android.support:transition:25.3.0] AndroidManifest.xml:17:1-28:12
MERGED from [com.android.support:support-v4:25.3.0] AndroidManifest.xml:17:1-31:12
MERGED from [com.android.support.constraint:constraint-layout:1.0.2] AndroidManifest.xml:2:1-11:12
MERGED from [com.google.dagger:dagger-android:2.15] AndroidManifest.xml:17:1-22:12
MERGED from [com.jakewharton:butterknife:8.8.1] AndroidManifest.xml:2:1-7:12
MERGED from [com.jakewharton.rxbinding2:rxbinding:2.1.0] AndroidManifest.xml:2:1-8:12
MERGED from [io.reactivex.rxjava2:rxandroid:2.0.1] AndroidManifest.xml:15:1-21:12
MERGED from [com.tbruyelle.rxpermissions2:rxpermissions:0.9.5] AndroidManifest.xml:2:1-13:12
MERGED from [com.tencent.bugly:crashreport_upgrade:1.3.5] AndroidManifest.xml:2:1-46:12
MERGED from [me.yokeyword:fragmentation:1.1.9] AndroidManifest.xml:2:1-11:12
MERGED from [me.yokeyword:fragmentation-swipeback:1.1.9] AndroidManifest.xml:2:1-11:12
MERGED from [com.orhanobut:logger:2.1.1] AndroidManifest.xml:2:1-8:12
MERGED from [com.android.support:animated-vector-drawable:25.3.0] AndroidManifest.xml:17:1-28:12
MERGED from [com.android.support:support-vector-drawable:25.3.0] AndroidManifest.xml:17:1-28:12
MERGED from [com.android.support:support-fragment:25.3.0] AndroidManifest.xml:17:1-31:12
MERGED from [com.android.support:support-media-compat:25.3.0] AndroidManifest.xml:17:1-31:12
MERGED from [com.android.support:support-core-utils:25.3.0] AndroidManifest.xml:17:1-31:12
MERGED from [com.android.support:recyclerview-v7:25.3.0] AndroidManifest.xml:17:1-26:12
MERGED from [com.android.support:support-core-ui:25.3.0] AndroidManifest.xml:17:1-31:12
MERGED from [com.android.support:support-compat:25.3.0] AndroidManifest.xml:17:1-31:12
MERGED from [me.yokeyword:fragmentation-core:1.1.9] AndroidManifest.xml:2:1-11:12
INJECTED from src\main\AndroidManifest.xml:2:1-40:12
INJECTED from src\main\AndroidManifest.xml:2:1-40:12
INJECTED from src\main\AndroidManifest.xml:2:1-40:12
	package
		ADDED from src\main\AndroidManifest.xml:3:11-41
		INJECTED from src\main\AndroidManifest.xml
		INJECTED from src\main\AndroidManifest.xml
	android:versionName
		INJECTED from src\main\AndroidManifest.xml
		ADDED from src\main\AndroidManifest.xml:2:1-40:12
		INJECTED from src\main\AndroidManifest.xml
	android:versionCode
		INJECTED from src\main\AndroidManifest.xml
		ADDED from src\main\AndroidManifest.xml:2:1-40:12
		INJECTED from src\main\AndroidManifest.xml
	xmlns:android
		ADDED from src\main\AndroidManifest.xml:2:11-69
uses-permission#android.permission.READ_PHONE_STATE
ADDED from src\main\AndroidManifest.xml:5:5-74
MERGED from [com.tencent.bugly:crashreport_upgrade:1.3.5] AndroidManifest.xml:11:5-75
MERGED from [com.tencent.bugly:crashreport_upgrade:1.3.5] AndroidManifest.xml:11:5-75
	android:name
		ADDED from src\main\AndroidManifest.xml:5:22-72
uses-permission#android.permission.INTERNET
ADDED from src\main\AndroidManifest.xml:6:5-66
MERGED from [com.tencent.bugly:crashreport_upgrade:1.3.5] AndroidManifest.xml:12:5-67
MERGED from [com.tencent.bugly:crashreport_upgrade:1.3.5] AndroidManifest.xml:12:5-67
	android:name
		ADDED from src\main\AndroidManifest.xml:6:22-64
uses-permission#android.permission.ACCESS_NETWORK_STATE
ADDED from src\main\AndroidManifest.xml:7:5-78
MERGED from [com.tencent.bugly:crashreport_upgrade:1.3.5] AndroidManifest.xml:13:5-79
MERGED from [com.tencent.bugly:crashreport_upgrade:1.3.5] AndroidManifest.xml:13:5-79
	android:name
		ADDED from src\main\AndroidManifest.xml:7:22-76
uses-permission#android.permission.ACCESS_WIFI_STATE
ADDED from src\main\AndroidManifest.xml:8:5-75
MERGED from [com.tencent.bugly:crashreport_upgrade:1.3.5] AndroidManifest.xml:14:5-76
MERGED from [com.tencent.bugly:crashreport_upgrade:1.3.5] AndroidManifest.xml:14:5-76
	android:name
		ADDED from src\main\AndroidManifest.xml:8:22-73
uses-permission#android.permission.READ_LOGS
ADDED from src\main\AndroidManifest.xml:9:5-67
MERGED from [com.tencent.bugly:crashreport_upgrade:1.3.5] AndroidManifest.xml:15:5-68
MERGED from [com.tencent.bugly:crashreport_upgrade:1.3.5] AndroidManifest.xml:15:5-68
	android:name
		ADDED from src\main\AndroidManifest.xml:9:22-65
application
ADDED from src\main\AndroidManifest.xml:11:5-38:19
MERGED from [com.android.support:design:25.3.0] AndroidManifest.xml:29:5-20
MERGED from [com.android.support:design:25.3.0] AndroidManifest.xml:29:5-20
MERGED from [com.airbnb.android:lottie:2.3.0] AndroidManifest.xml:12:5-20
MERGED from [com.airbnb.android:lottie:2.3.0] AndroidManifest.xml:12:5-20
MERGED from [com.android.support:appcompat-v7:25.3.0] AndroidManifest.xml:29:5-20
MERGED from [com.android.support:appcompat-v7:25.3.0] AndroidManifest.xml:29:5-20
MERGED from [com.android.support:transition:25.3.0] AndroidManifest.xml:26:5-20
MERGED from [com.android.support:transition:25.3.0] AndroidManifest.xml:26:5-20
MERGED from [com.android.support:support-v4:25.3.0] AndroidManifest.xml:29:5-20
MERGED from [com.android.support:support-v4:25.3.0] AndroidManifest.xml:29:5-20
MERGED from [com.android.support.constraint:constraint-layout:1.0.2] AndroidManifest.xml:9:5-20
MERGED from [com.android.support.constraint:constraint-layout:1.0.2] AndroidManifest.xml:9:5-20
MERGED from [com.tbruyelle.rxpermissions2:rxpermissions:0.9.5] AndroidManifest.xml:11:5-20
MERGED from [com.tbruyelle.rxpermissions2:rxpermissions:0.9.5] AndroidManifest.xml:11:5-20
MERGED from [com.tencent.bugly:crashreport_upgrade:1.3.5] AndroidManifest.xml:20:5-44:19
MERGED from [com.tencent.bugly:crashreport_upgrade:1.3.5] AndroidManifest.xml:20:5-44:19
MERGED from [me.yokeyword:fragmentation:1.1.9] AndroidManifest.xml:9:5-20
MERGED from [me.yokeyword:fragmentation:1.1.9] AndroidManifest.xml:9:5-20
MERGED from [me.yokeyword:fragmentation-swipeback:1.1.9] AndroidManifest.xml:9:5-20
MERGED from [me.yokeyword:fragmentation-swipeback:1.1.9] AndroidManifest.xml:9:5-20
MERGED from [com.android.support:animated-vector-drawable:25.3.0] AndroidManifest.xml:26:5-20
MERGED from [com.android.support:animated-vector-drawable:25.3.0] AndroidManifest.xml:26:5-20
MERGED from [com.android.support:support-vector-drawable:25.3.0] AndroidManifest.xml:26:5-20
MERGED from [com.android.support:support-vector-drawable:25.3.0] AndroidManifest.xml:26:5-20
MERGED from [com.android.support:support-fragment:25.3.0] AndroidManifest.xml:29:5-20
MERGED from [com.android.support:support-fragment:25.3.0] AndroidManifest.xml:29:5-20
MERGED from [com.android.support:support-media-compat:25.3.0] AndroidManifest.xml:29:5-20
MERGED from [com.android.support:support-media-compat:25.3.0] AndroidManifest.xml:29:5-20
MERGED from [com.android.support:support-core-utils:25.3.0] AndroidManifest.xml:29:5-20
MERGED from [com.android.support:support-core-utils:25.3.0] AndroidManifest.xml:29:5-20
MERGED from [com.android.support:support-core-ui:25.3.0] AndroidManifest.xml:29:5-20
MERGED from [com.android.support:support-core-ui:25.3.0] AndroidManifest.xml:29:5-20
MERGED from [com.android.support:support-compat:25.3.0] AndroidManifest.xml:29:5-20
MERGED from [com.android.support:support-compat:25.3.0] AndroidManifest.xml:29:5-20
MERGED from [me.yokeyword:fragmentation-core:1.1.9] AndroidManifest.xml:9:5-20
MERGED from [me.yokeyword:fragmentation-core:1.1.9] AndroidManifest.xml:9:5-20
	android:supportsRtl
		ADDED from src\main\AndroidManifest.xml:17:9-35
	android:label
		ADDED from src\main\AndroidManifest.xml:15:9-41
	android:roundIcon
		ADDED from src\main\AndroidManifest.xml:16:9-54
	android:icon
		ADDED from src\main\AndroidManifest.xml:14:9-43
	android:allowBackup
		ADDED from src\main\AndroidManifest.xml:13:9-35
	android:theme
		ADDED from src\main\AndroidManifest.xml:18:9-40
	android:name
		ADDED from src\main\AndroidManifest.xml:12:9-41
activity#com.weichuang.sensor.ui.activity.MainActivity
ADDED from src\main\AndroidManifest.xml:19:9-20:20
	android:name
		ADDED from src\main\AndroidManifest.xml:19:19-79
activity#com.weichuang.sensor.ui.activity.SplashActivity
ADDED from src\main\AndroidManifest.xml:22:9-29:20
	android:screenOrientation
		ADDED from src\main\AndroidManifest.xml:24:13-49
	android:name
		ADDED from src\main\AndroidManifest.xml:23:13-55
intent-filter#android.intent.action.MAIN+android.intent.category.LAUNCHER
ADDED from src\main\AndroidManifest.xml:25:13-28:29
action#android.intent.action.MAIN
ADDED from src\main\AndroidManifest.xml:26:17-68
	android:name
		ADDED from src\main\AndroidManifest.xml:26:25-66
category#android.intent.category.LAUNCHER
ADDED from src\main\AndroidManifest.xml:27:17-76
	android:name
		ADDED from src\main\AndroidManifest.xml:27:27-74
activity#com.weichuang.sensor.ui.activity.LoginActivity
ADDED from src\main\AndroidManifest.xml:31:9-37:20
	android:screenOrientation
		ADDED from src\main\AndroidManifest.xml:35:13-49
	android:launchMode
		ADDED from src\main\AndroidManifest.xml:34:13-44
	android:exported
		ADDED from src\main\AndroidManifest.xml:33:13-37
	android:name
		ADDED from src\main\AndroidManifest.xml:32:13-54
uses-sdk
INJECTED from src\main\AndroidManifest.xml reason: use-sdk injection requested
INJECTED from src\main\AndroidManifest.xml
INJECTED from src\main\AndroidManifest.xml
MERGED from [com.android.support:design:25.3.0] AndroidManifest.xml:21:5-23:62
MERGED from [com.android.support:design:25.3.0] AndroidManifest.xml:21:5-23:62
MERGED from [com.google.dagger:dagger-android-support:2.15] AndroidManifest.xml:20:5-44
MERGED from [com.google.dagger:dagger-android-support:2.15] AndroidManifest.xml:20:5-44
MERGED from [com.airbnb.android:lottie:2.3.0] AndroidManifest.xml:8:5-10:41
MERGED from [com.airbnb.android:lottie:2.3.0] AndroidManifest.xml:8:5-10:41
MERGED from [com.android.support:appcompat-v7:25.3.0] AndroidManifest.xml:21:5-23:78
MERGED from [com.android.support:appcompat-v7:25.3.0] AndroidManifest.xml:21:5-23:78
MERGED from [com.android.support:transition:25.3.0] AndroidManifest.xml:20:5-44
MERGED from [com.android.support:transition:25.3.0] AndroidManifest.xml:20:5-44
MERGED from [com.android.support:support-v4:25.3.0] AndroidManifest.xml:21:5-23:54
MERGED from [com.android.support:support-v4:25.3.0] AndroidManifest.xml:21:5-23:54
MERGED from [com.android.support.constraint:constraint-layout:1.0.2] AndroidManifest.xml:5:5-7:41
MERGED from [com.android.support.constraint:constraint-layout:1.0.2] AndroidManifest.xml:5:5-7:41
MERGED from [com.google.dagger:dagger-android:2.15] AndroidManifest.xml:20:5-44
MERGED from [com.google.dagger:dagger-android:2.15] AndroidManifest.xml:20:5-44
MERGED from [com.jakewharton:butterknife:8.8.1] AndroidManifest.xml:5:5-43
MERGED from [com.jakewharton:butterknife:8.8.1] AndroidManifest.xml:5:5-43
MERGED from [com.jakewharton.rxbinding2:rxbinding:2.1.0] AndroidManifest.xml:6:5-44
MERGED from [com.jakewharton.rxbinding2:rxbinding:2.1.0] AndroidManifest.xml:6:5-44
MERGED from [io.reactivex.rxjava2:rxandroid:2.0.1] AndroidManifest.xml:19:5-43
MERGED from [io.reactivex.rxjava2:rxandroid:2.0.1] AndroidManifest.xml:19:5-43
MERGED from [com.tbruyelle.rxpermissions2:rxpermissions:0.9.5] AndroidManifest.xml:7:5-9:41
MERGED from [com.tbruyelle.rxpermissions2:rxpermissions:0.9.5] AndroidManifest.xml:7:5-9:41
MERGED from [com.tencent.bugly:crashreport_upgrade:1.3.5] AndroidManifest.xml:6:5-8:41
MERGED from [com.tencent.bugly:crashreport_upgrade:1.3.5] AndroidManifest.xml:6:5-8:41
MERGED from [me.yokeyword:fragmentation:1.1.9] AndroidManifest.xml:5:5-7:41
MERGED from [me.yokeyword:fragmentation:1.1.9] AndroidManifest.xml:5:5-7:41
MERGED from [me.yokeyword:fragmentation-swipeback:1.1.9] AndroidManifest.xml:5:5-7:41
MERGED from [me.yokeyword:fragmentation-swipeback:1.1.9] AndroidManifest.xml:5:5-7:41
MERGED from [com.orhanobut:logger:2.1.1] AndroidManifest.xml:6:5-43
MERGED from [com.orhanobut:logger:2.1.1] AndroidManifest.xml:6:5-43
MERGED from [com.android.support:animated-vector-drawable:25.3.0] AndroidManifest.xml:20:5-44
MERGED from [com.android.support:animated-vector-drawable:25.3.0] AndroidManifest.xml:20:5-44
MERGED from [com.android.support:support-vector-drawable:25.3.0] AndroidManifest.xml:20:5-43
MERGED from [com.android.support:support-vector-drawable:25.3.0] AndroidManifest.xml:20:5-43
MERGED from [com.android.support:support-fragment:25.3.0] AndroidManifest.xml:21:5-23:60
MERGED from [com.android.support:support-fragment:25.3.0] AndroidManifest.xml:21:5-23:60
MERGED from [com.android.support:support-media-compat:25.3.0] AndroidManifest.xml:21:5-23:63
MERGED from [com.android.support:support-media-compat:25.3.0] AndroidManifest.xml:21:5-23:63
MERGED from [com.android.support:support-core-utils:25.3.0] AndroidManifest.xml:21:5-23:61
MERGED from [com.android.support:support-core-utils:25.3.0] AndroidManifest.xml:21:5-23:61
MERGED from [com.android.support:recyclerview-v7:25.3.0] AndroidManifest.xml:20:5-43
MERGED from [com.android.support:recyclerview-v7:25.3.0] AndroidManifest.xml:20:5-43
MERGED from [com.android.support:support-core-ui:25.3.0] AndroidManifest.xml:21:5-23:58
MERGED from [com.android.support:support-core-ui:25.3.0] AndroidManifest.xml:21:5-23:58
MERGED from [com.android.support:support-compat:25.3.0] AndroidManifest.xml:21:5-23:58
MERGED from [com.android.support:support-compat:25.3.0] AndroidManifest.xml:21:5-23:58
MERGED from [me.yokeyword:fragmentation-core:1.1.9] AndroidManifest.xml:5:5-7:41
MERGED from [me.yokeyword:fragmentation-core:1.1.9] AndroidManifest.xml:5:5-7:41
INJECTED from src\main\AndroidManifest.xml
INJECTED from src\main\AndroidManifest.xml
	tools:overrideLibrary
		ADDED from [com.android.support:design:25.3.0] AndroidManifest.xml:23:9-59
	android:targetSdkVersion
		INJECTED from src\main\AndroidManifest.xml
		ADDED from src\main\AndroidManifest.xml
		INJECTED from src\main\AndroidManifest.xml
	android:minSdkVersion
		INJECTED from src\main\AndroidManifest.xml
		ADDED from src\main\AndroidManifest.xml
		INJECTED from src\main\AndroidManifest.xml
meta-data#android.support.VERSION
ADDED from [com.android.support:design:25.3.0] AndroidManifest.xml:25:5-27:34
MERGED from [com.android.support:appcompat-v7:25.3.0] AndroidManifest.xml:25:5-27:34
MERGED from [com.android.support:appcompat-v7:25.3.0] AndroidManifest.xml:25:5-27:34
MERGED from [com.android.support:transition:25.3.0] AndroidManifest.xml:22:5-24:34
MERGED from [com.android.support:transition:25.3.0] AndroidManifest.xml:22:5-24:34
MERGED from [com.android.support:support-v4:25.3.0] AndroidManifest.xml:25:5-27:34
MERGED from [com.android.support:support-v4:25.3.0] AndroidManifest.xml:25:5-27:34
MERGED from [com.android.support:animated-vector-drawable:25.3.0] AndroidManifest.xml:22:5-24:34
MERGED from [com.android.support:animated-vector-drawable:25.3.0] AndroidManifest.xml:22:5-24:34
MERGED from [com.android.support:support-vector-drawable:25.3.0] AndroidManifest.xml:22:5-24:34
MERGED from [com.android.support:support-vector-drawable:25.3.0] AndroidManifest.xml:22:5-24:34
MERGED from [com.android.support:support-fragment:25.3.0] AndroidManifest.xml:25:5-27:34
MERGED from [com.android.support:support-fragment:25.3.0] AndroidManifest.xml:25:5-27:34
MERGED from [com.android.support:support-media-compat:25.3.0] AndroidManifest.xml:25:5-27:34
MERGED from [com.android.support:support-media-compat:25.3.0] AndroidManifest.xml:25:5-27:34
MERGED from [com.android.support:support-core-utils:25.3.0] AndroidManifest.xml:25:5-27:34
MERGED from [com.android.support:support-core-utils:25.3.0] AndroidManifest.xml:25:5-27:34
MERGED from [com.android.support:recyclerview-v7:25.3.0] AndroidManifest.xml:22:5-24:34
MERGED from [com.android.support:recyclerview-v7:25.3.0] AndroidManifest.xml:22:5-24:34
MERGED from [com.android.support:support-core-ui:25.3.0] AndroidManifest.xml:25:5-27:34
MERGED from [com.android.support:support-core-ui:25.3.0] AndroidManifest.xml:25:5-27:34
MERGED from [com.android.support:support-compat:25.3.0] AndroidManifest.xml:25:5-27:34
MERGED from [com.android.support:support-compat:25.3.0] AndroidManifest.xml:25:5-27:34
	android:value
		ADDED from [com.android.support:design:25.3.0] AndroidManifest.xml:27:9-31
	android:name
		ADDED from [com.android.support:design:25.3.0] AndroidManifest.xml:26:9-47
uses-permission#android.permission.WRITE_EXTERNAL_STORAGE
ADDED from [com.tencent.bugly:crashreport_upgrade:1.3.5] AndroidManifest.xml:16:5-81
	android:name
		ADDED from [com.tencent.bugly:crashreport_upgrade:1.3.5] AndroidManifest.xml:16:22-78
uses-permission#android.permission.REQUEST_INSTALL_PACKAGES
ADDED from [com.tencent.bugly:crashreport_upgrade:1.3.5] AndroidManifest.xml:17:5-83
	android:name
		ADDED from [com.tencent.bugly:crashreport_upgrade:1.3.5] AndroidManifest.xml:17:22-80
activity#com.tencent.bugly.beta.ui.BetaActivity
ADDED from [com.tencent.bugly:crashreport_upgrade:1.3.5] AndroidManifest.xml:23:9-27:56
	android:configChanges
		ADDED from [com.tencent.bugly:crashreport_upgrade:1.3.5] AndroidManifest.xml:25:13-81
	android:theme
		ADDED from [com.tencent.bugly:crashreport_upgrade:1.3.5] AndroidManifest.xml:26:13-61
	tools:replace
		ADDED from [com.tencent.bugly:crashreport_upgrade:1.3.5] AndroidManifest.xml:27:13-53
	android:name
		ADDED from [com.tencent.bugly:crashreport_upgrade:1.3.5] AndroidManifest.xml:24:13-66
provider#com.tencent.bugly.beta.utils.BuglyFileProvider
ADDED from [com.tencent.bugly:crashreport_upgrade:1.3.5] AndroidManifest.xml:29:9-39:20
	android:grantUriPermissions
		ADDED from [com.tencent.bugly:crashreport_upgrade:1.3.5] AndroidManifest.xml:33:13-47
	android:authorities
		ADDED from [com.tencent.bugly:crashreport_upgrade:1.3.5] AndroidManifest.xml:31:13-64
	android:exported
		ADDED from [com.tencent.bugly:crashreport_upgrade:1.3.5] AndroidManifest.xml:32:13-37
	tools:replace
		ADDED from [com.tencent.bugly:crashreport_upgrade:1.3.5] AndroidManifest.xml:34:13-74
	android:name
		ADDED from [com.tencent.bugly:crashreport_upgrade:1.3.5] AndroidManifest.xml:30:13-74
meta-data#android.support.FILE_PROVIDER_PATHS
ADDED from [com.tencent.bugly:crashreport_upgrade:1.3.5] AndroidManifest.xml:35:13-38:49
	android:resource
		ADDED from [com.tencent.bugly:crashreport_upgrade:1.3.5] AndroidManifest.xml:37:17-55
	tools:replace
		ADDED from [com.tencent.bugly:crashreport_upgrade:1.3.5] AndroidManifest.xml:38:17-46
	android:name
		ADDED from [com.tencent.bugly:crashreport_upgrade:1.3.5] AndroidManifest.xml:36:17-67
service#com.tencent.bugly.beta.tinker.TinkerResultService
ADDED from [com.tencent.bugly:crashreport_upgrade:1.3.5] AndroidManifest.xml:41:9-43:40
	android:exported
		ADDED from [com.tencent.bugly:crashreport_upgrade:1.3.5] AndroidManifest.xml:43:13-37
	android:name
		ADDED from [com.tencent.bugly:crashreport_upgrade:1.3.5] AndroidManifest.xml:42:13-77
uses-permission#android.permission.READ_EXTERNAL_STORAGE
IMPLIED from src\main\AndroidManifest.xml:2:1-40:12 reason: com.tencent.bugly.beta requested WRITE_EXTERNAL_STORAGE